[0m2021.09.28 11:21:06 INFO  Started: Metals version 0.10.7 in workspace 'C:\Users\Randie Pathirage\Desktop\new\EduApp' for client Visual Studio Code 1.60.2.[0m
[0m2021.09.28 11:21:08 INFO  time: initialize in 2.66s[0m
[0m2021.09.28 11:21:14 WARN  Build server is not auto-connectable.[0m
[0m2021.09.28 11:21:14 WARN  no build tool detected in workspace 'C:\Users\Randie Pathirage\Desktop\new\EduApp'. The most common cause for this problem is that the editor was opened in the wrong working directory, for example if you use sbt then the workspace directory should contain build.sbt. [0m
[0m2021.09.28 11:36:49 INFO  shutting down Metals[0m
[0m2021.09.28 11:52:52 INFO  Started: Metals version 0.10.7 in workspace 'C:\Users\Randie Pathirage\Desktop\new\EduApp' for client Visual Studio Code 1.60.2.[0m
[0m2021.09.28 11:52:54 INFO  time: initialize in 2.44s[0m
[0m2021.09.28 11:52:56 WARN  Build server is not auto-connectable.[0m
[0m2021.09.28 11:52:56 WARN  no build tool detected in workspace 'C:\Users\Randie Pathirage\Desktop\new\EduApp'. The most common cause for this problem is that the editor was opened in the wrong working directory, for example if you use sbt then the workspace directory should contain build.sbt. [0m
[0m2021.10.03 14:19:16 INFO  Started: Metals version 0.10.7 in workspace 'C:\Users\Randie Pathirage\Desktop\new\EduApp' for client Visual Studio Code 1.60.2.[0m
[0m2021.10.03 14:19:20 INFO  time: initialize in 3.51s[0m
[0m2021.10.03 14:19:34 WARN  Build server is not auto-connectable.[0m
[0m2021.10.03 14:19:34 WARN  no build tool detected in workspace 'C:\Users\Randie Pathirage\Desktop\new\EduApp'. The most common cause for this problem is that the editor was opened in the wrong working directory, for example if you use sbt then the workspace directory should contain build.sbt. [0m
[0m2021.10.03 20:33:48 INFO  Started: Metals version 0.10.7 in workspace 'C:\Users\Randie Pathirage\Desktop\new\EduApp' for client Visual Studio Code 1.60.2.[0m
[0m2021.10.03 20:33:50 INFO  time: initialize in 2.13s[0m
[0m2021.10.03 20:33:59 WARN  Build server is not auto-connectable.[0m
[0m2021.10.03 20:33:59 WARN  no build tool detected in workspace 'C:\Users\Randie Pathirage\Desktop\new\EduApp'. The most common cause for this problem is that the editor was opened in the wrong working directory, for example if you use sbt then the workspace directory should contain build.sbt. [0m
[0m2021.10.09 16:40:19 INFO  Started: Metals version 0.10.7 in workspace 'C:\Users\Randie Pathirage\Desktop\new\EduApp' for client Visual Studio Code 1.60.2.[0m
[0m2021.10.09 16:40:22 INFO  time: initialize in 3.4s[0m
[0m2021.10.09 16:40:34 WARN  Build server is not auto-connectable.[0m
[0m2021.10.09 16:40:34 WARN  no build tool detected in workspace 'C:\Users\Randie Pathirage\Desktop\new\EduApp'. The most common cause for this problem is that the editor was opened in the wrong working directory, for example if you use sbt then the workspace directory should contain build.sbt. [0m
[0m2021.10.10 12:37:03 INFO  Started: Metals version 0.10.7 in workspace 'C:\Users\Randie Pathirage\Desktop\new\EduApp' for client Visual Studio Code 1.61.0.[0m
[0m2021.10.10 12:37:07 INFO  time: initialize in 3.69s[0m
[0m2021.10.10 12:37:14 WARN  Build server is not auto-connectable.[0m
[0m2021.10.10 12:37:14 WARN  no build tool detected in workspace 'C:\Users\Randie Pathirage\Desktop\new\EduApp'. The most common cause for this problem is that the editor was opened in the wrong working directory, for example if you use sbt then the workspace directory should contain build.sbt. [0m
[0m2021.10.16 11:50:16 INFO  Started: Metals version 0.10.7 in workspace 'C:\Users\Randie Pathirage\Desktop\new\EduApp' for client Visual Studio Code 1.61.0.[0m
[0m2021.10.16 11:50:29 INFO  time: initialize in 13s[0m
[0m2021.10.16 11:50:51 WARN  Build server is not auto-connectable.[0m
[0m2021.10.16 11:50:51 WARN  no build tool detected in workspace 'C:\Users\Randie Pathirage\Desktop\new\EduApp'. The most common cause for this problem is that the editor was opened in the wrong working directory, for example if you use sbt then the workspace directory should contain build.sbt. [0m
[0m2021.10.17 02:57:57 INFO  Started: Metals version 0.10.7 in workspace 'C:\Users\Randie Pathirage\Desktop\new\EduApp' for client Visual Studio Code 1.61.0.[0m
[0m2021.10.17 02:57:59 INFO  time: initialize in 1.58s[0m
[0m2021.10.17 02:58:04 WARN  Build server is not auto-connectable.[0m
[0m2021.10.17 02:58:04 WARN  no build tool detected in workspace 'C:\Users\Randie Pathirage\Desktop\new\EduApp'. The most common cause for this problem is that the editor was opened in the wrong working directory, for example if you use sbt then the workspace directory should contain build.sbt. [0m
